<?xml version="1.0" encoding="UTF-8" ?>
<testsuite errors="1" failures="0" hostname="MSI" name="assignmenttwo_genealogy.TreeViewTest" skipped="0" tests="1" time="1.307" timestamp="2019-06-02T17:24:52">
  <properties>
    <property name="netbeans.autoupdate.country" value="AU" />
    <property name="javafx.binarycss" value="false" />
    <property name="javafx.signing.enabled" value="false" />
    <property name="javac.test.classpath" value="C:\Program Files\Java\jdk1.8.0_201\jre/lib/javaws.jar:C:\Program Files\Java\jdk1.8.0_201\jre/lib/deploy.jar:C:\Program Files\Java\jdk1.8.0_201\jre/lib/plugin.jar:build/classes:D:\Murdoch\ICT373\AssignmentTwo_Genealogy\test\assignmenttwo_genealogy\hamcrest-2.1.jar:D:\Murdoch\ICT373\AssignmentTwo_Genealogy\test\assignmenttwo_genealogy\testfx-core-4.0.15-alpha.jar:D:\Murdoch\ICT373\AssignmentTwo_Genealogy\test\assignmenttwo_genealogy\testfx-junit-4.0.15-alpha.jar:D:\tempNetbeans\nbbuild\netbeans\platform\modules\ext\junit-4.12.jar" />
    <property name="manifest.custom.codebase" value="*" />
    <property name="javafx.signing.blob" value="false" />
    <property name="javac.test.sourcepath" value="D:\Murdoch\ICT373\AssignmentTwo_Genealogy\build\empty" />
    <property name="ant.core.lib" value="D:\tempNetbeans\nbbuild\netbeans\extide\ant\lib\ant.jar" />
    <property name="javadoc.windowtitle" value="" />
    <property name="javafx.preloader.enabled" value="false" />
    <property name="user.dir" value="D:\Murdoch\ICT373\AssignmentTwo_Genealogy" />
    <property name="java.vm.version" value="25.201-b09" />
    <property name="libs.eclipselinkmodelgen.src" value="" />
    <property name="javadoc.notree" value="false" />
    <property name="netbeans.autoupdate.version" value="1.23" />
    <property name="test.test.dir" value="test" />
    <property name="javac.profile.cmd.line.arg" value="" />
    <property name="jdk.home" value="C:\Program Files\Java\jdk1.8.0_201" />
    <property name="javafx.deploy.addstartmenushortcut" value="false" />
    <property name="libs.javac-api.src" value="" />
    <property name="javafx.enabled" value="true" />
    <property name="javadoc.noindex" value="false" />
    <property name="sun.os.patch.level" value="" />
    <property name="auxiliary.org-netbeans-modules-projectapi.issue214819_5f_fx_5f_enabled" value="true" />
    <property name="java.vm.specification.name" value="Java Virtual Machine Specification" />
    <property name="nb.show.statistics.ui" value="usageStatisticsEnabled" />
    <property name="netbeans.autoupdate.variant" value="" />
    <property name="have.tests" value="true" />
    <property name="org.xml.sax.driver" value="com.sun.org.apache.xerces.internal.jaxp.SAXParserImpl$JAXPSAXParser" />
    <property name="libs.hamcrest.classpath" value="D:\tempNetbeans\nbbuild\netbeans\platform\modules\ext\hamcrest-core-1.3.jar" />
    <property name="libs.javac-api.javadoc" value="" />
    <property name="file.reference.testfx-junit-4.0.15-alpha.jar" value="D:\Murdoch\ICT373\AssignmentTwo_Genealogy\test\assignmenttwo_genealogy\testfx-junit-4.0.15-alpha.jar" />
    <property name="os.name" value="Windows 10" />
    <property name="jdk.gtk.version" value="2.2" />
    <property name="ap.proc.none.internal" value="" />
    <property name="libs.JWSAntTasks.maven-pom" value="" />
    <property name="libs.testng.src" value="" />
    <property name="javafx.preloader.project.path" value="" />
    <property name="java.vendor.url.bug" value="http://bugreport.sun.com/bugreport/" />
    <property name="javafx.preloader.type" value="none" />
    <property name="libs.jaxb.maven-pom" value="" />
    <property name="os.arch" value="amd64" />
    <property name="libs.eclipselink.src" value="" />
    <property name="user.name" value="becky" />
    <property name="copylibs.rebase" value="true" />
    <property name="sun.java.command" value="org.apache.tools.ant.taskdefs.optional.junit.JUnitTestRunner assignmenttwo_genealogy.TreeViewTest skipNonTests=false filtertrace=true haltOnError=false haltOnFailure=false showoutput=true outputtoformatters=true logfailedtests=true threadid=0 logtestlistenerevents=true formatter=org.apache.tools.ant.taskdefs.optional.junit.BriefJUnitResultFormatter formatter=org.apache.tools.ant.taskdefs.optional.junit.XMLJUnitResultFormatter,D:\Murdoch\ICT373\AssignmentTwo_Genealogy\build\test\results\TEST-assignmenttwo_genealogy.TreeViewTest.xml crashfile=D:\Murdoch\ICT373\AssignmentTwo_Genealogy\build\junitvmwatcher3022334082479817135.properties propsfile=D:\Murdoch\ICT373\AssignmentTwo_Genealogy\build\junit123442368901232869.properties" />
    <property name="build.classes.dir" value="build/classes" />
    <property name="build.sysclasspath" value="ignore" />
    <property name="manifest.encoding" value="UTF-8" />
    <property name="ap.supported.internal" value="true" />
    <property name="java.failonerror" value="true" />
    <property name="run.modulepath" value="D:\Murdoch\ICT373\AssignmentTwo_Genealogy\test\assignmenttwo_genealogy\hamcrest-2.1.jar:D:\Murdoch\ICT373\AssignmentTwo_Genealogy\test\assignmenttwo_genealogy\testfx-core-4.0.15-alpha.jar:D:\Murdoch\ICT373\AssignmentTwo_Genealogy\test\assignmenttwo_genealogy\testfx-junit-4.0.15-alpha.jar:D:\tempNetbeans\nbbuild\netbeans\platform\modules\ext\hamcrest-core-1.3.jar" />
    <property name="libs.jaxws21.javadoc" value="D:\tempNetbeans\nbbuild\netbeans\java\docs\jaxws-api-doc.zip" />
    <property name="javafx.run.width" value="800" />
    <property name="includes" value="**" />
    <property name="user.country" value="AU" />
    <property name="manifest.file" value="manifest.mf" />
    <property name="javadoc.encoding" value="UTF-8" />
    <property name="javac.classpath" value="C:\Program Files\Java\jdk1.8.0_201\jre/lib/javaws.jar:C:\Program Files\Java\jdk1.8.0_201\jre/lib/deploy.jar:C:\Program Files\Java\jdk1.8.0_201\jre/lib/plugin.jar" />
    <property name="file.reference.hamcrest-2.1.jar" value="D:\Murdoch\ICT373\AssignmentTwo_Genealogy\test\assignmenttwo_genealogy\hamcrest-2.1.jar" />
    <property name="libs.spring-framework400.classpath" value="D:\tempNetbeans\nbbuild\netbeans\ide\modules\org-apache-commons-logging.jar;D:\tempNetbeans\nbbuild\netbeans\java\modules\ext\cglib-2.2.jar;D:\tempNetbeans\nbbuild\netbeans\java\modules\ext\spring-4\spring-aop-4.0.1.RELEASE.jar;D:\tempNetbeans\nbbuild\netbeans\java\modules\ext\spring-4\spring-aspects-4.0.1.RELEASE.jar;D:\tempNetbeans\nbbuild\netbeans\java\modules\ext\spring-4\spring-beans-4.0.1.RELEASE.jar;D:\tempNetbeans\nbbuild\netbeans\java\modules\ext\spring-4\spring-build-src-4.0.1.RELEASE.jar;D:\tempNetbeans\nbbuild\netbeans\java\modules\ext\spring-4\spring-context-4.0.1.RELEASE.jar;D:\tempNetbeans\nbbuild\netbeans\java\modules\ext\spring-4\spring-context-support-4.0.1.RELEASE.jar;D:\tempNetbeans\nbbuild\netbeans\java\modules\ext\spring-4\spring-core-4.0.1.RELEASE.jar;D:\tempNetbeans\nbbuild\netbeans\java\modules\ext\spring-4\spring-expression-4.0.1.RELEASE.jar;D:\tempNetbeans\nbbuild\netbeans\java\modules\ext\spring-4\spring-framework-bom-4.0.1.RELEASE.jar;D:\tempNetbeans\nbbuild\netbeans\java\modules\ext\spring-4\spring-instrument-4.0.1.RELEASE.jar;D:\tempNetbeans\nbbuild\netbeans\java\modules\ext\spring-4\spring-instrument-tomcat-4.0.1.RELEASE.jar;D:\tempNetbeans\nbbuild\netbeans\java\modules\ext\spring-4\spring-jdbc-4.0.1.RELEASE.jar;D:\tempNetbeans\nbbuild\netbeans\java\modules\ext\spring-4\spring-jms-4.0.1.RELEASE.jar;D:\tempNetbeans\nbbuild\netbeans\java\modules\ext\spring-4\spring-messaging-4.0.1.RELEASE.jar;D:\tempNetbeans\nbbuild\netbeans\java\modules\ext\spring-4\spring-orm-4.0.1.RELEASE.jar;D:\tempNetbeans\nbbuild\netbeans\java\modules\ext\spring-4\spring-oxm-4.0.1.RELEASE.jar;D:\tempNetbeans\nbbuild\netbeans\java\modules\ext\spring-4\spring-test-4.0.1.RELEASE.jar;D:\tempNetbeans\nbbuild\netbeans\java\modules\ext\spring-4\spring-tx-4.0.1.RELEASE.jar;D:\tempNetbeans\nbbuild\netbeans\java\modules\ext\spring-4\spring-web-4.0.1.RELEASE.jar;D:\tempNetbeans\nbbuild\netbeans\java\modules\ext\spring-4\spring-webmvc-4.0.1.RELEASE.jar;D:\tempNetbeans\nbbuild\netbeans\java\modules\ext\spring-4\spring-webmvc-portlet-4.0.1.RELEASE.jar;D:\tempNetbeans\nbbuild\netbeans\java\modules\ext\spring-4\spring-websocket-4.0.1.RELEASE.jar" />
    <property name="debug-transport" value="dt_shmem" />
    <property name="netbeans.home" value="D:\tempNetbeans\nbbuild\netbeans\platform" />
    <property name="build.compiler.emacs" value="true" />
    <property name="javac.modulepath" value="D:\Murdoch\ICT373\AssignmentTwo_Genealogy\test\assignmenttwo_genealogy\hamcrest-2.1.jar:D:\Murdoch\ICT373\AssignmentTwo_Genealogy\test\assignmenttwo_genealogy\testfx-core-4.0.15-alpha.jar:D:\Murdoch\ICT373\AssignmentTwo_Genealogy\test\assignmenttwo_genealogy\testfx-junit-4.0.15-alpha.jar:D:\tempNetbeans\nbbuild\netbeans\platform\modules\ext\hamcrest-core-1.3.jar" />
    <property name="nu.validator.checker.imageCandidateString.hasWidth" value="0" />
    <property name="javafx.deploy.includeDT" value="true" />
    <property name="java.endorsed.dirs" value="C:\Program Files\Java\jdk1.8.0_201\jre\lib\endorsed" />
    <property name="ant.file.type.AssignmentTwo_Genealogy-impl" value="file" />
    <property name="libs.groovy-all.src" value="" />
    <property name="libs.junit_5.src" value="D:\tempNetbeans\nbbuild\netbeans\platform\docs\junit-jupiter-api-5.3.1-sources.jar;D:\tempNetbeans\nbbuild\netbeans\platform\docs\junit-jupiter-params-5.3.1-sources.jar;D:\tempNetbeans\nbbuild\netbeans\platform\docs\junit-jupiter-engine-5.3.1-sources.jar" />
    <property name="netbeans.dynamic.classpath" value="D:\tempNetbeans\nbbuild\netbeans\platform\core\asm-all-5.0.1.jar;D:\tempNetbeans\nbbuild\netbeans\platform\core\core-base.jar;D:\tempNetbeans\nbbuild\netbeans\platform\core\core.jar;D:\tempNetbeans\nbbuild\netbeans\platform\core\org-netbeans-libs-asm.jar;D:\tempNetbeans\nbbuild\netbeans\platform\core\org-openide-filesystems-compat8.jar;D:\tempNetbeans\nbbuild\netbeans\platform\core\org-openide-filesystems.jar;D:\tempNetbeans\nbbuild\netbeans\nb\core\org-netbeans-upgrader.jar;D:\tempNetbeans\nbbuild\netbeans\nb\core\locale\core_nb.jar" />
    <property name="jnlp.enabled" value="false" />
    <property name="java.vm.specification.version" value="1.8" />
    <property name="plugin.manager.check.updates" value="false" />
    <property name="libs.groovy-all.maven-pom" value="" />
    <property name="netbeans.productversion" value="Apache NetBeans IDE 10.0 (Build 20190225-unknown-revn)" />
    <property name="javafx.preloader.class" value="" />
    <property name="libs.jaxws21.src" value="" />
    <property name="application.title" value="AssignmentTwo_Genealogy" />
    <property name="netbeans.autoupdate.language" value="en" />
    <property name="java.vendor" value="Oracle Corporation" />
    <property name="jar.index.metainf" value="false" />
    <property name="javac.debug" value="true" />
    <property name="javadoc.splitindex" value="true" />
    <property name="file.separator" value="\" />
    <property name="libs.junit_4.maven-pom" value="" />
    <property name="mkdist.disabled" value="false" />
    <property name="javac.test.processorpath" value="C:\Program Files\Java\jdk1.8.0_201\jre/lib/javaws.jar:C:\Program Files\Java\jdk1.8.0_201\jre/lib/deploy.jar:C:\Program Files\Java\jdk1.8.0_201\jre/lib/plugin.jar:build/classes:D:\Murdoch\ICT373\AssignmentTwo_Genealogy\test\assignmenttwo_genealogy\hamcrest-2.1.jar:D:\Murdoch\ICT373\AssignmentTwo_Genealogy\test\assignmenttwo_genealogy\testfx-core-4.0.15-alpha.jar:D:\Murdoch\ICT373\AssignmentTwo_Genealogy\test\assignmenttwo_genealogy\testfx-junit-4.0.15-alpha.jar:D:\tempNetbeans\nbbuild\netbeans\platform\modules\ext\junit-4.12.jar" />
    <property name="netbeans.buildnumber" value="20190225-unknown-revn" />
    <property name="libs.JWSAntTasks.javadoc" value="" />
    <property name="build.generated.sources.dir" value="build/generated-sources" />
    <property name="user.variant" value="" />
    <property name="libs.eclipselinkmodelgen.classpath" value="D:\tempNetbeans\nbbuild\netbeans\java\modules\ext\eclipselink\org.eclipse.persistence.jpa.modelgen.processor-2.5.2.jar" />
    <property name="sun.java.launcher" value="SUN_STANDARD" />
    <property name="libs.jaxb.javadoc" value="D:\tempNetbeans\nbbuild\netbeans\ide\docs\jaxb-api-2.2.5-javadoc.jar" />
    <property name="org.openide.awt.SwingBrowserImpl.do-not-block-awt" value="false" />
    <property name="ant.home" value="D:\tempNetbeans\nbbuild\netbeans\extide\ant" />
    <property name="libs.junit_4.src" value="D:\tempNetbeans\nbbuild\netbeans\platform\docs\junit-4.12-sources.jar" />
    <property name="javafx.run.height" value="600" />
    <property name="libs.testng.classpath" value="D:\tempNetbeans\nbbuild\netbeans\platform\modules\ext\testng-6.8.1-dist.jar" />
    <property name="libs.absolutelayout.maven-pom" value="" />
    <property name="ant.java.version" value="1.8" />
    <property name="java.library.path" value="C:\Program Files\Java\jdk1.8.0_201\jre\bin;C:\WINDOWS\Sun\Java\bin;C:\WINDOWS\system32;C:\WINDOWS;C:\Program Files (x86)\Common Files\Oracle\Java\javapath;C:\Python36\Scripts\;C:\Python36\;C:\Program Files\NVIDIA GPU Computing Toolkit\CUDA\v9.0\bin;C:\Program Files\NVIDIA GPU Computing Toolkit\CUDA\v9.0\libnvvp;C:\Program Files\ImageMagick-7.0.8-Q16;C:\Python27\;C:\Python27\Scripts;C:\Program Files (x86)\Intel\iCLS Client\;C:\Program Files\Intel\iCLS Client\;C:\Windows\system32;C:\Windows;C:\Windows\System32\Wbem;C:\Windows\System32\WindowsPowerShell\v1.0\;C:\Program Files (x86)\Intel\Intel(R) Management Engine Components\DAL;C:\Program Files\Intel\Intel(R) Management Engine Components\DAL;C:\Program Files (x86)\Intel\Intel(R) Management Engine Components\IPT;C:\Program Files\Intel\Intel(R) Management Engine Components\IPT;C:\Program Files (x86)\NVIDIA Corporation\PhysX\Common;C:\WINDOWS\system32;C:\WINDOWS;C:\WINDOWS\System32\Wbem;C:\WINDOWS\System32\WindowsPowerShell\v1.0\;C:\WINDOWS\System32\OpenSSH\;C:\Program Files\dotnet\;C:\Program Files\7-Zip;D:\nuget;C:\ProgramData\chocolatey\bin;C:\Program Files\doxygen\bin;C:\Program Files (x86)\Graphviz2.38\bin;C:\Program Files\Rust stable GNU 1.30\bin;C:\Program Files\Java\jdk1.8.0_191\bin;C:\Users\becky\Miniconda3\Scripts;C:\Program Files\NVIDIA Corporation\NVIDIA NvDLISR;C:\WINDOWS\system32;C:\WINDOWS;C:\WINDOWS\System32\Wbem;C:\WINDOWS\System32\WindowsPowerShell\v1.0\;C:\WINDOWS\System32\OpenSSH\;C:\ProgramData\chocolatey\lib\mingw\tools\install\mingw64\bin;C:\Program Files\CMake\bin;C:\tools\msys64;C:\Program Files\Java\jdk1.8.0_201\bin;C:\Program Files\Git\cmd;C:\Program Files\Java\jdk1.8.0_201\bin;C:\Program Files\Microsoft SQL Server\110\Tools\Binn\;C:\Program Files (x86)\Microsoft SDKs\TypeScript\1.0\;C:\Program Files\Microsoft SQL Server\120\Tools\Binn\;C:\Program Files\TortoiseGit\bin;C:\Program Files\nodejs\;C:\Program Files\Common Files\Autodesk Shared\;C:\Software\Octave-3.6.4\bin&#xd;;C:\Program Files (x86)\Microsoft Emulator Manager\1.0\;C:\Users\becky\AppData\Local\Microsoft\WindowsApps;C:\Program Files\7-Zip;D:\nuget;C:\Users\becky\AppData\Local\GitHubDesktop\bin;C:\ProgramData\chocolatey\lib\msys2;C:\tools\msys64;C:\Users\becky\AppData\Local\Microsoft\WindowsApps;C:\ProgramData\chocolatey\lib\mingw\tools\install\mingw64\bin;C:\libjpeg-turbo64\bin;C:\Users\becky\AppData\Roaming\npm;." />
    <property name="javadoc.author" value="false" />
    <property name="java.util.logging.config.class" value="org.netbeans.core.startup.TopLogging" />
    <property name="libs.spring-framework400.src" value="" />
    <property name="libs.PostgreSQLDriver.src" value="" />
    <property name="sun.arch.data.model" value="64" />
    <property name="basedir" value="D:\Murdoch\ICT373\AssignmentTwo_Genealogy" />
    <property name="libs.jpa20-persistence.maven-pom" value="" />
    <property name="jar.compress" value="false" />
    <property name="path.separator" value=";" />
    <property name="ant.junit.enabletestlistenerevents" value="true" />
    <property name="sun.io.unicode.encoding" value="UnicodeLittle" />
    <property name="libs.jaxws21.classpath" value="D:\tempNetbeans\nbbuild\netbeans\java\modules\ext\jaxws22\FastInfoset.jar;D:\tempNetbeans\nbbuild\netbeans\java\modules\ext\jaxws22\gmbal-api-only.jar;D:\tempNetbeans\nbbuild\netbeans\java\modules\ext\jaxws22\ha-api.jar;D:\tempNetbeans\nbbuild\netbeans\java\modules\ext\jaxws22\javax.mail_1.4.jar;D:\tempNetbeans\nbbuild\netbeans\java\modules\ext\jaxws22\jaxws-rt.jar;D:\tempNetbeans\nbbuild\netbeans\java\modules\ext\jaxws22\jaxws-tools.jar;D:\tempNetbeans\nbbuild\netbeans\java\modules\ext\jaxws22\management-api.jar;D:\tempNetbeans\nbbuild\netbeans\java\modules\ext\jaxws22\mimepull.jar;D:\tempNetbeans\nbbuild\netbeans\java\modules\ext\jaxws22\policy.jar;D:\tempNetbeans\nbbuild\netbeans\java\modules\ext\jaxws22\saaj-impl.jar;D:\tempNetbeans\nbbuild\netbeans\java\modules\ext\jaxws22\stax-ex.jar;D:\tempNetbeans\nbbuild\netbeans\java\modules\ext\jaxws22\stax2-api.jar;D:\tempNetbeans\nbbuild\netbeans\java\modules\ext\jaxws22\streambuffer.jar;D:\tempNetbeans\nbbuild\netbeans\java\modules\ext\jaxws22\woodstox-core-asl.jar;D:\tempNetbeans\nbbuild\netbeans\java\modules\ext\jaxws22\api\jaxws-api.jar;D:\tempNetbeans\nbbuild\netbeans\java\modules\ext\jaxws22\api\jsr181-api.jar;D:\tempNetbeans\nbbuild\netbeans\java\modules\ext\jaxws22\api\javax.annotation.jar;D:\tempNetbeans\nbbuild\netbeans\java\modules\ext\jaxws22\api\saaj-api.jar;D:\tempNetbeans\nbbuild\netbeans\ide\modules\ext\jaxb\activation.jar;D:\tempNetbeans\nbbuild\netbeans\ide\modules\ext\jaxb\api\jaxb-api.jar" />
    <property name="compile.on.save" value="true" />
    <property name="apple.awt.graphics.UseQuartz" value="true" />
    <property name="user.language" value="en" />
    <property name="testng.mode" value="testng" />
    <property name="libs.JAXB-ENDORSED.maven-pom" value="" />
    <property name="libs.eclipselink.maven-pom" value="" />
    <property name="org.netbeans.io.suspend" value="0" />
    <property name="application.vendor" value="becky" />
    <property name="test.binaryincludes" value="&lt;nothing&gt;" />
    <property name="manifest.available" value="true" />
    <property name="libs.spring-framework300.maven-pom" value="" />
    <property name="run.test.classpath" value="C:\Program Files\Java\jdk1.8.0_201\jre/lib/javaws.jar:C:\Program Files\Java\jdk1.8.0_201\jre/lib/deploy.jar:C:\Program Files\Java\jdk1.8.0_201\jre/lib/plugin.jar:build/classes:D:\Murdoch\ICT373\AssignmentTwo_Genealogy\test\assignmenttwo_genealogy\hamcrest-2.1.jar:D:\Murdoch\ICT373\AssignmentTwo_Genealogy\test\assignmenttwo_genealogy\testfx-core-4.0.15-alpha.jar:D:\Murdoch\ICT373\AssignmentTwo_Genealogy\test\assignmenttwo_genealogy\testfx-junit-4.0.15-alpha.jar:D:\tempNetbeans\nbbuild\netbeans\platform\modules\ext\junit-4.12.jar:build/test/classes" />
    <property name="ant.project.invoked-targets" value="test" />
    <property name="test.binaryexcludes" value="" />
    <property name="sun.java2d.dpiaware" value="true" />
    <property name="https.nonProxyHosts" value="localhost|127.0.0.1|MSI" />
    <property name="libs.PostgreSQLDriver.maven-pom" value="" />
    <property name="java.class.version" value="52.0" />
    <property name="libs.eclipselink.javadoc" value="" />
    <property name="user.properties.file" value="C:\Users\becky\AppData\Roaming\NetBeans\10.0\build.properties" />
    <property name="runtime.encoding" value="UTF-8" />
    <property name="javafx.rebase.libs" value="false" />
    <property name="libs.javac-api.maven-pom" value="" />
    <property name="file.encoding.pkg" value="sun.io" />
    <property name="sun.cpu.endian" value="little" />
    <property name="libs.JAXB-ENDORSED.javadoc" value="" />
    <property name="libs.JWSAntTasks.classpath" value="D:\tempNetbeans\nbbuild\netbeans\java\ant\extra\org-netbeans-modules-javawebstart-anttasks.jar" />
    <property name="libs.spring-framework300.src" value="" />
    <property name="empty.dir" value="D:\Murdoch\ICT373\AssignmentTwo_Genealogy\build\empty" />
    <property name="javafx.deploy.backgroundupdate" value="false" />
    <property name="javafx.disable.concurrent.runs" value="false" />
    <property name="test.binarytestincludes" value="" />
    <property name="javafx.preloader.jar.path" value="" />
    <property name="javadoc.preview" value="true" />
    <property name="libs.jpa20-persistence.javadoc" value="" />
    <property name="java.home" value="C:\Program Files\Java\jdk1.8.0_201\jre" />
    <property name="debug.test.classpath" value="C:\Program Files\Java\jdk1.8.0_201\jre/lib/javaws.jar:C:\Program Files\Java\jdk1.8.0_201\jre/lib/deploy.jar:C:\Program Files\Java\jdk1.8.0_201\jre/lib/plugin.jar:build/classes:D:\Murdoch\ICT373\AssignmentTwo_Genealogy\test\assignmenttwo_genealogy\hamcrest-2.1.jar:D:\Murdoch\ICT373\AssignmentTwo_Genealogy\test\assignmenttwo_genealogy\testfx-core-4.0.15-alpha.jar:D:\Murdoch\ICT373\AssignmentTwo_Genealogy\test\assignmenttwo_genealogy\testfx-junit-4.0.15-alpha.jar:D:\tempNetbeans\nbbuild\netbeans\platform\modules\ext\junit-4.12.jar:build/test/classes" />
    <property name="netbeans.importclass" value="org.netbeans.upgrade.AutoUpgrade" />
    <property name="ant.project.default-target" value="default" />
    <property name="annotation.processing.run.all.processors" value="true" />
    <property name="jar.archive.disabled" value="true" />
    <property name="libs.PostgreSQLDriver.javadoc" value="" />
    <property name="javafx.main.class" value="assignmenttwo_genealogy.AssignmentTwo_Genealogy" />
    <property name="netbeans.extbrowser.manual_chrome_plugin_install" value="yes" />
    <property name="javafx.application.implementation.version" value="1.0" />
    <property name="http.nonProxyHosts" value="localhost|127.0.0.1|MSI" />
    <property name="libs.junit_4.javadoc" value="D:\tempNetbeans\nbbuild\netbeans\platform\docs\junit-4.12-javadoc.jar" />
    <property name="javac.test.modulepath" value="D:\Murdoch\ICT373\AssignmentTwo_Genealogy\test\assignmenttwo_genealogy\hamcrest-2.1.jar:D:\Murdoch\ICT373\AssignmentTwo_Genealogy\test\assignmenttwo_genealogy\testfx-core-4.0.15-alpha.jar:D:\Murdoch\ICT373\AssignmentTwo_Genealogy\test\assignmenttwo_genealogy\testfx-junit-4.0.15-alpha.jar:D:\tempNetbeans\nbbuild\netbeans\platform\modules\ext\hamcrest-core-1.3.jar" />
    <property name="run.classpath" value="dist/AssignmentTwo_Genealogy.jar:C:\Program Files\Java\jdk1.8.0_201\jre/lib/javaws.jar:C:\Program Files\Java\jdk1.8.0_201\jre/lib/deploy.jar:C:\Program Files\Java\jdk1.8.0_201\jre/lib/plugin.jar:build/classes" />
    <property name="endorsed.javafx.ant.classpath" value="." />
    <property name="jna.boot.library.name" value="jnidispatch-440" />
    <property name="sun.awt.datatransfer.timeout" value="1000" />
    <property name="annotation.processing.enabled.in.editor" value="false" />
    <property name="nb.native.filechooser" value="false" />
    <property name="sun.management.compiler" value="HotSpot 64-Bit Tiered Compilers" />
    <property name="javac.deprecation" value="false" />
    <property name="javadoc.use" value="true" />
    <property name="sun.java2d.noddraw" value="true" />
    <property name="javac.processorpath" value="C:\Program Files\Java\jdk1.8.0_201\jre/lib/javaws.jar:C:\Program Files\Java\jdk1.8.0_201\jre/lib/deploy.jar:C:\Program Files\Java\jdk1.8.0_201\jre/lib/plugin.jar" />
    <property name="libs.hamcrest.maven-pom" value="" />
    <property name="libs.junit_5.classpath" value="D:\tempNetbeans\nbbuild\netbeans\platform\modules\ext\junit-jupiter-api-5.3.1.jar;D:\tempNetbeans\nbbuild\netbeans\platform\modules\ext\junit-jupiter-params-5.3.1.jar;D:\tempNetbeans\nbbuild\netbeans\platform\modules\ext\junit-jupiter-engine-5.3.1.jar" />
    <property name="javac.compilerargs" value="" />
    <property name="ant.file" value="D:\Murdoch\ICT373\AssignmentTwo_Genealogy\build.xml" />
    <property name="javafx.signing.type" value="notsigned" />
    <property name="java.vm.specification.vendor" value="Oracle Corporation" />
    <property name="org.openide.major.version" value="IDE/1" />
    <property name="java.vm.name" value="Java HotSpot(TM) 64-Bit Server VM" />
    <property name="javafx.preloader.jar.filename" value="" />
    <property name="netbeans.user" value="C:\Users\becky\AppData\Roaming\NetBeans\10.0" />
    <property name="tests.failed" value="true" />
    <property name="javadoc.additionalparam" value="" />
    <property name="java.io.tmpdir" value="C:\Users\becky\AppData\Local\Temp\" />
    <property name="javafx.run.inbrowser.path" value="C:\Program Files\Internet Explorer\IEXPLORE.EXE" />
    <property name="java.vendor.url" value="http://java.oracle.com/" />
    <property name="endorsed.classpath.cmd.line.arg" value="" />
    <property name="jna.loaded" value="true" />
    <property name="junit.available" value="true" />
    <property name="do.jlink" value="false" />
    <property name="sun.boot.library.path" value="C:\Program Files\Java\jdk1.8.0_201\jre\bin" />
    <property name="have.sources" value="true" />
    <property name="libs.hamcrest.javadoc" value="" />
    <property name="debug.classpath" value="dist/AssignmentTwo_Genealogy.jar:C:\Program Files\Java\jdk1.8.0_201\jre/lib/javaws.jar:C:\Program Files\Java\jdk1.8.0_201\jre/lib/deploy.jar:C:\Program Files\Java\jdk1.8.0_201\jre/lib/plugin.jar:build/classes" />
    <property name="javac.external.vm" value="false" />
    <property name="javadoc.private" value="false" />
    <property name="ap.processors.internal" value="" />
    <property name="meta.inf.dir" value="src/META-INF" />
    <property name="javadoc.encoding.used" value="UTF-8" />
    <property name="dist.jar" value="dist/AssignmentTwo_Genealogy.jar" />
    <property name="libs.spring-framework400.maven-pom" value="" />
    <property name="java.runtime.name" value="Java(TM) SE Runtime Environment" />
    <property name="debug.test.modulepath" value="D:\Murdoch\ICT373\AssignmentTwo_Genealogy\test\assignmenttwo_genealogy\hamcrest-2.1.jar:D:\Murdoch\ICT373\AssignmentTwo_Genealogy\test\assignmenttwo_genealogy\testfx-core-4.0.15-alpha.jar:D:\Murdoch\ICT373\AssignmentTwo_Genealogy\test\assignmenttwo_genealogy\testfx-junit-4.0.15-alpha.jar:D:\tempNetbeans\nbbuild\netbeans\platform\modules\ext\hamcrest-core-1.3.jar" />
    <property name="ant.project.name" value="AssignmentTwo_Genealogy" />
    <property name="netbeans.hash.code" value="unique=04e864e94-9921-4586-b482-2ce0c46a8625_20ee2b54-8d53-4775-af8a-8bbc67a56358" />
    <property name="netbeans.default_userdir_root" value="C:\Users\becky\AppData\Roaming\NetBeans" />
    <property name="sun.cpu.isalist" value="amd64" />
    <property name="libs.spring-framework400.javadoc" value="" />
    <property name="libs.CopyLibs.javadoc" value="" />
    <property name="javadoc.html5" value="false" />
    <property name="org.openide.specification.version" value="6.2" />
    <property name="javafx.classpath.extension" value="C:\Program Files\Java\jdk1.8.0_201\jre/lib/javaws.jar:C:\Program Files\Java\jdk1.8.0_201\jre/lib/deploy.jar:C:\Program Files\Java\jdk1.8.0_201\jre/lib/plugin.jar" />
    <property name="user.home" value="C:\Users\becky" />
    <property name="annotation.processing.processors.list" value="" />
    <property name="libs.JWSAntTasks.src" value="" />
    <property name="jar.index" value="false" />
    <property name="libs.CopyLibs.maven-pom" value="" />
    <property name="libs.spring-framework300.javadoc" value="" />
    <property name="libs.absolutelayout.javadoc" value="" />
    <property name="guice.disable.misplaced.annotation.check" value="true" />
    <property name="java.specification.name" value="Java Platform API Specification" />
    <property name="jlink.strip" value="false" />
    <property name="java.specification.vendor" value="Oracle Corporation" />
    <property name="libs.javac-api.classpath" value="" />
    <property name="java.version" value="1.8.0_201" />
    <property name="run.jvmargs.ide" value="" />
    <property name="javadoc.version" value="false" />
    <property name="javac.processormodulepath" value="" />
    <property name="org.openide.version" value="deprecated" />
    <property name="platform.java" value="C:\Program Files\Java\jdk1.8.0_201\jre/bin/java" />
    <property name="source.encoding" value="UTF-8" />
    <property name="ap.cmd.line.internal" value="" />
    <property name="libs.eclipselinkmodelgen.maven-pom" value="" />
    <property name="ant.file.type.jfx-impl" value="file" />
    <property name="libs.eclipselinkmodelgen.javadoc" value="" />
    <property name="ant.file.jfx-impl" value="D:\Murdoch\ICT373\AssignmentTwo_Genealogy\nbproject\jfx-impl.xml" />
    <property name="netbeans.home+have.tests" value="true" />
    <property name="annotation.processing.processor.options" value="" />
    <property name="javafx.deploy.adddesktopshortcut" value="false" />
    <property name="libs.testng.maven-pom" value="" />
    <property name="libs.jaxb.src" value="" />
    <property name="work.dir" value="D:\Murdoch\ICT373\AssignmentTwo_Genealogy" />
    <property name="compile.on.save.unsupported.javafx" value="true" />
    <property name="libs.jaxb.classpath" value="D:\tempNetbeans\nbbuild\netbeans\ide\modules\ext\jaxb\jaxb-impl-2.2.5-2.jar;D:\tempNetbeans\nbbuild\netbeans\ide\modules\ext\jaxb\jaxb-xjc-2.2.5-2.jar;D:\tempNetbeans\nbbuild\netbeans\ide\modules\ext\jaxb\jaxb1-impl-2.2.5-2.jar;D:\tempNetbeans\nbbuild\netbeans\ide\modules\ext\jaxb\activation.jar;D:\tempNetbeans\nbbuild\netbeans\ide\modules\ext\jaxb\api\jaxb-api.jar" />
    <property name="php.global.include.path" value="" />
    <property name="do.depend" value="false" />
    <property name="ant.file.type.AssignmentTwo_Genealogy" value="file" />
    <property name="dist.javadoc.dir" value="dist/javadoc" />
    <property name="build.generated.dir" value="build/generated" />
    <property name="javac.source" value="1.8" />
    <property name="javafx.fallback.class" value="com.javafx.main.NoJavaFXFallback" />
    <property name="line.separator" value="&#xd;&#xa;" />
    <property name="java.specification.version" value="1.8" />
    <property name="libs.jaxws21.maven-pom" value="" />
    <property name="java.vm.info" value="mixed mode" />
    <property name="nb.junit.batch" value="true" />
    <property name="junit.forkmode" value="perTest" />
    <property name="sun.boot.class.path" value="C:\Program Files\Java\jdk1.8.0_201\jre\lib\resources.jar;C:\Program Files\Java\jdk1.8.0_201\jre\lib\rt.jar;C:\Program Files\Java\jdk1.8.0_201\jre\lib\sunrsasign.jar;C:\Program Files\Java\jdk1.8.0_201\jre\lib\jsse.jar;C:\Program Files\Java\jdk1.8.0_201\jre\lib\jce.jar;C:\Program Files\Java\jdk1.8.0_201\jre\lib\charsets.jar;C:\Program Files\Java\jdk1.8.0_201\jre\lib\jfr.jar;C:\Program Files\Java\jdk1.8.0_201\jre\classes" />
    <property name="javac.target" value="1.8" />
    <property name="built-jar.properties" value="D:\Murdoch\ICT373\AssignmentTwo_Genealogy\build\built-jar.properties" />
    <property name="javafx.deploy.permissionselevated" value="false" />
    <property name="build.test.classes.dir" value="build/test/classes" />
    <property name="src.dir" value="src" />
    <property name="javac.test.compilerargs" value="" />
    <property name="annotation.processing.enabled" value="true" />
    <property name="sun.awt.keepWorkingSetOnMinimize" value="true" />
    <property name="libs.jpa20-persistence.src" value="" />
    <property name="ignore.failing.tests" value="true" />
    <property name="javafx.enable.concurrent.external.runs" value="false" />
    <property name="javafx.deploy.embedJNLP" value="true" />
    <property name="dist.dir" value="dist" />
    <property name="file.reference.testfx-core-4.0.15-alpha.jar" value="D:\Murdoch\ICT373\AssignmentTwo_Genealogy\test\assignmenttwo_genealogy\testfx-core-4.0.15-alpha.jar" />
    <property name="libs.groovy-all.javadoc" value="" />
    <property name="jlink.launcher" value="false" />
    <property name="testng.debug.mode" value="" />
    <property name="javac.fork" value="false" />
    <property name="libs.groovy-all.classpath" value="D:\tempNetbeans\nbbuild\netbeans\groovy\modules\ext\groovy.jar;D:\tempNetbeans\nbbuild\netbeans\groovy\modules\ext\groovy-ant.jar" />
    <property name="java.awt.printerjob" value="sun.awt.windows.WPrinterJob" />
    <property name="default.javac.source" value="1.8" />
    <property name="ant.file.AssignmentTwo_Genealogy-impl" value="D:\Murdoch\ICT373\AssignmentTwo_Genealogy\nbproject\build-impl.xml" />
    <property name="debug-transport-by-os" value="dt_shmem" />
    <property name="sun.jnu.encoding" value="Cp1252" />
    <property name="run.test.jvmargs" value="" />
    <property name="build.test.results.dir" value="build/test/results" />
    <property name="java.runtime.version" value="1.8.0_201-b09" />
    <property name="javafx.run.inbrowser" value="&lt;Default System Browser&gt;" />
    <property name="native.bundling.enabled" value="false" />
    <property name="javafx.deploy.disable.proxy" value="false" />
    <property name="default.javac.target" value="1.8" />
    <property name="libs.junit_4.classpath" value="D:\tempNetbeans\nbbuild\netbeans\platform\modules\ext\junit-4.12.jar" />
    <property name="user.timezone" value="" />
    <property name="nb.junit.single" value="false" />
    <property name="do.jar" value="true" />
    <property name="netbeans.dirs" value="D:\tempNetbeans\nbbuild\netbeans\nb;D:\tempNetbeans\nbbuild\netbeans\ergonomics;D:\tempNetbeans\nbbuild\netbeans\ide;D:\tempNetbeans\nbbuild\netbeans\extide;D:\tempNetbeans\nbbuild\netbeans\java;D:\tempNetbeans\nbbuild\netbeans\apisupport;D:\tempNetbeans\nbbuild\netbeans\webcommon;D:\tempNetbeans\nbbuild\netbeans\websvccommon;D:\tempNetbeans\nbbuild\netbeans\enterprise;D:\tempNetbeans\nbbuild\netbeans\mobility;D:\tempNetbeans\nbbuild\netbeans\profiler;D:\tempNetbeans\nbbuild\netbeans\python;D:\tempNetbeans\nbbuild\netbeans\php;D:\tempNetbeans\nbbuild\netbeans\identity;D:\tempNetbeans\nbbuild\netbeans\harness;D:\tempNetbeans\nbbuild\netbeans\cnd;D:\tempNetbeans\nbbuild\netbeans\cndext;D:\tempNetbeans\nbbuild\netbeans\dlight;D:\tempNetbeans\nbbuild\netbeans\groovy;D:\tempNetbeans\nbbuild\netbeans\extra;D:\tempNetbeans\nbbuild\netbeans\javacard;D:\tempNetbeans\nbbuild\netbeans\javafx" />
    <property name="java.ext.dirs" value="C:\Program Files\Java\jdk1.8.0_201\jre\lib\ext;C:\WINDOWS\Sun\Java\lib\ext" />
    <property name="endorsed.classpath" value="" />
    <property name="libs.absolutelayout.classpath" value="D:\tempNetbeans\nbbuild\netbeans\java\modules\ext\AbsoluteLayout.jar" />
    <property name="excludes" value="" />
    <property name="apple.laf.useScreenMenuBar" value="true" />
    <property name="java.class.path" value="C:\Program Files\Java\jdk1.8.0_201\jre\lib\javaws.jar;C:\Program Files\Java\jdk1.8.0_201\jre\lib\deploy.jar;C:\Program Files\Java\jdk1.8.0_201\jre\lib\plugin.jar;D:\Murdoch\ICT373\AssignmentTwo_Genealogy\build\classes;D:\Murdoch\ICT373\AssignmentTwo_Genealogy\test\assignmenttwo_genealogy\hamcrest-2.1.jar;D:\Murdoch\ICT373\AssignmentTwo_Genealogy\test\assignmenttwo_genealogy\testfx-core-4.0.15-alpha.jar;D:\Murdoch\ICT373\AssignmentTwo_Genealogy\test\assignmenttwo_genealogy\testfx-junit-4.0.15-alpha.jar;D:\tempNetbeans\nbbuild\netbeans\platform\modules\ext\junit-4.12.jar;D:\Murdoch\ICT373\AssignmentTwo_Genealogy\build\test\classes;D:\tempNetbeans\nbbuild\netbeans\extide\ant\lib\ant-launcher.jar;D:\tempNetbeans\nbbuild\netbeans\extide\ant\lib\ant.jar;D:\tempNetbeans\nbbuild\netbeans\extide\ant\lib\ant-junit.jar;D:\tempNetbeans\nbbuild\netbeans\extide\ant\lib\ant-junit4.jar" />
    <property name="libs.absolutelayout.src" value="" />
    <property name="libs.jpa20-persistence.classpath" value="D:\tempNetbeans\nbbuild\netbeans\java\modules\ext\eclipselink\javax.persistence-2.1.0.jar" />
    <property name="libs.junit_5.javadoc" value="D:\tempNetbeans\nbbuild\netbeans\platform\docs\junit-jupiter-api-5.3.1-javadoc.jar;D:\tempNetbeans\nbbuild\netbeans\platform\docs\junit-jupiter-params-5.3.1-javadoc.jar;D:\tempNetbeans\nbbuild\netbeans\platform\docs\junit-jupiter-engine-5.3.1-javadoc.jar" />
    <property name="os.version" value="10.0" />
    <property name="application.args" value="" />
    <property name="manifest.custom.permissions" value="" />
    <property name="main.class.available" value="true" />
    <property name="sun.awt.enableExtraMouseButtons" value="true" />
    <property name="ant.file.AssignmentTwo_Genealogy" value="D:\Murdoch\ICT373\AssignmentTwo_Genealogy\build.xml" />
    <property name="sun.desktop" value="windows" />
    <property name="jlink.launcher.name" value="AssignmentTwo_Genealogy" />
    <property name="javafx.deploy.allowoffline" value="true" />
    <property name="libs.JAXB-ENDORSED.classpath" value="D:\tempNetbeans\nbbuild\netbeans\ide\modules\ext\jaxb\api\jaxb-api.jar" />
    <property name="nb.internal.action.name" value="test" />
    <property name="run.test.modulepath" value="D:\Murdoch\ICT373\AssignmentTwo_Genealogy\test\assignmenttwo_genealogy\hamcrest-2.1.jar:D:\Murdoch\ICT373\AssignmentTwo_Genealogy\test\assignmenttwo_genealogy\testfx-core-4.0.15-alpha.jar:D:\Murdoch\ICT373\AssignmentTwo_Genealogy\test\assignmenttwo_genealogy\testfx-junit-4.0.15-alpha.jar:D:\tempNetbeans\nbbuild\netbeans\platform\modules\ext\hamcrest-core-1.3.jar" />
    <property name="libs.eclipselink.classpath" value="D:\tempNetbeans\nbbuild\netbeans\java\modules\ext\eclipselink\org.eclipse.persistence.core-2.5.2.jar;D:\tempNetbeans\nbbuild\netbeans\java\modules\ext\eclipselink\org.eclipse.persistence.asm-2.5.2.jar;D:\tempNetbeans\nbbuild\netbeans\java\modules\ext\eclipselink\org.eclipse.persistence.antlr-2.5.2.jar;D:\tempNetbeans\nbbuild\netbeans\java\modules\ext\eclipselink\org.eclipse.persistence.jpa-2.5.2.jar;D:\tempNetbeans\nbbuild\netbeans\java\modules\ext\eclipselink\org.eclipse.persistence.jpa.jpql-2.5.2.jar;D:\tempNetbeans\nbbuild\netbeans\java\modules\ext\eclipselink\javax.persistence-2.1.0.jar" />
    <property name="java.awt.graphicsenv" value="sun.awt.Win32GraphicsEnvironment" />
    <property name="java.vm.vendor" value="Oracle Corporation" />
    <property name="libs.CopyLibs.classpath" value="D:\tempNetbeans\nbbuild\netbeans\java\ant\extra\org-netbeans-modules-java-j2seproject-copylibstask.jar" />
    <property name="libs.spring-framework300.classpath" value="D:\tempNetbeans\nbbuild\netbeans\ide\modules\org-apache-commons-logging.jar;D:\tempNetbeans\nbbuild\netbeans\java\modules\ext\cglib-2.2.jar;D:\tempNetbeans\nbbuild\netbeans\java\modules\ext\spring-3.0\spring-aop-3.2.7.RELEASE.jar;D:\tempNetbeans\nbbuild\netbeans\java\modules\ext\spring-3.0\spring-aspects-3.2.7.RELEASE.jar;D:\tempNetbeans\nbbuild\netbeans\java\modules\ext\spring-3.0\spring-beans-3.2.7.RELEASE.jar;D:\tempNetbeans\nbbuild\netbeans\java\modules\ext\spring-3.0\spring-build-src-3.2.7.RELEASE.jar;D:\tempNetbeans\nbbuild\netbeans\java\modules\ext\spring-3.0\spring-context-3.2.7.RELEASE.jar;D:\tempNetbeans\nbbuild\netbeans\java\modules\ext\spring-3.0\spring-context-support-3.2.7.RELEASE.jar;D:\tempNetbeans\nbbuild\netbeans\java\modules\ext\spring-3.0\spring-core-3.2.7.RELEASE.jar;D:\tempNetbeans\nbbuild\netbeans\java\modules\ext\spring-3.0\spring-expression-3.2.7.RELEASE.jar;D:\tempNetbeans\nbbuild\netbeans\java\modules\ext\spring-3.0\spring-framework-bom-3.2.7.RELEASE.jar;D:\tempNetbeans\nbbuild\netbeans\java\modules\ext\spring-3.0\spring-instrument-3.2.7.RELEASE.jar;D:\tempNetbeans\nbbuild\netbeans\java\modules\ext\spring-3.0\spring-instrument-tomcat-3.2.7.RELEASE.jar;D:\tempNetbeans\nbbuild\netbeans\java\modules\ext\spring-3.0\spring-jdbc-3.2.7.RELEASE.jar;D:\tempNetbeans\nbbuild\netbeans\java\modules\ext\spring-3.0\spring-jms-3.2.7.RELEASE.jar;D:\tempNetbeans\nbbuild\netbeans\java\modules\ext\spring-3.0\spring-orm-3.2.7.RELEASE.jar;D:\tempNetbeans\nbbuild\netbeans\java\modules\ext\spring-3.0\spring-oxm-3.2.7.RELEASE.jar;D:\tempNetbeans\nbbuild\netbeans\java\modules\ext\spring-3.0\spring-struts-3.2.7.RELEASE.jar;D:\tempNetbeans\nbbuild\netbeans\java\modules\ext\spring-3.0\spring-test-3.2.7.RELEASE.jar;D:\tempNetbeans\nbbuild\netbeans\java\modules\ext\spring-3.0\spring-tx-3.2.7.RELEASE.jar;D:\tempNetbeans\nbbuild\netbeans\java\modules\ext\spring-3.0\spring-web-3.2.7.RELEASE.jar;D:\tempNetbeans\nbbuild\netbeans\java\modules\ext\spring-3.0\spring-webmvc-3.2.7.RELEASE.jar;D:\tempNetbeans\nbbuild\netbeans\java\modules\ext\spring-3.0\spring-webmvc-portlet-3.2.7.RELEASE.jar" />
    <property name="libs.junit_5.maven-pom" value="" />
    <property name="libs.hamcrest.src" value="" />
    <property name="run.jvmargs" value="" />
    <property name="libs.JAXB-ENDORSED.src" value="" />
    <property name="libs.testng.javadoc" value="D:\tempNetbeans\nbbuild\netbeans\platform\docs\testng-6.8.1-javadoc.zip" />
    <property name="user.script" value="" />
    <property name="libs.PostgreSQLDriver.classpath" value="D:\tempNetbeans\nbbuild\netbeans\ide\modules\ext\postgresql-42.2.5.jar" />
    <property name="annotation.processing.source.output" value="build/generated-sources/ap-source-output" />
    <property name="main.class" value="com.javafx.main.Main" />
    <property name="libs.CopyLibs.src" value="" />
    <property name="build.dir" value="build" />
    <property name="debug.modulepath" value="D:\Murdoch\ICT373\AssignmentTwo_Genealogy\test\assignmenttwo_genealogy\hamcrest-2.1.jar:D:\Murdoch\ICT373\AssignmentTwo_Genealogy\test\assignmenttwo_genealogy\testfx-core-4.0.15-alpha.jar:D:\Murdoch\ICT373\AssignmentTwo_Genealogy\test\assignmenttwo_genealogy\testfx-junit-4.0.15-alpha.jar:D:\tempNetbeans\nbbuild\netbeans\platform\modules\ext\hamcrest-core-1.3.jar" />
    <property name="ant.version" value="Apache Ant(TM) version 1.10.4 compiled on June 19 2018" />
    <property name="file.encoding" value="Cp1252" />
    <property name="build.classes.excludes" value="**/*.java,**/*.form" />
    <property name="jdkBug6558476" value="false" />
    <property name="javadoc.nonavbar" value="false" />
    <property name="platform.active" value="default_platform" />
    <property name="awt.toolkit" value="sun.awt.windows.WToolkit" />
    <property name="javafx.deploy.installpermanently" value="false" />
  </properties>
  <testcase classname="assignmenttwo_genealogy.TreeViewTest" name="Test003_Pane" time="1.08">
    <error message="java.util.concurrent.ExecutionException: java.lang.NullPointerException" type="java.lang.RuntimeException">java.lang.RuntimeException: java.util.concurrent.ExecutionException: java.lang.NullPointerException
	at org.testfx.util.WaitForAsyncUtils.waitFor(WaitForAsyncUtils.java:302)
	at org.testfx.api.FxToolkit.waitForSetup(FxToolkit.java:245)
	at org.testfx.api.FxToolkit.setupApplication(FxToolkit.java:153)
	at org.testfx.framework.junit.ApplicationTest.internalBefore(ApplicationTest.java:86)
Caused by: java.util.concurrent.ExecutionException: java.lang.NullPointerException
	at java.util.concurrent.FutureTask.report(FutureTask.java:122)
	at java.util.concurrent.FutureTask.get(FutureTask.java:192)
	at org.testfx.util.WaitForAsyncUtils$ASyncFXCallable.get(WaitForAsyncUtils.java:697)
	at org.testfx.toolkit.impl.ToolkitServiceImpl.lambda$setupApplication$6(ToolkitServiceImpl.java:127)
	at java.util.concurrent.FutureTask.run(FutureTask.java:266)
	at java.util.concurrent.Executors$RunnableAdapter.call(Executors.java:511)
	at java.util.concurrent.FutureTask.run(FutureTask.java:266)
	at java.util.concurrent.ThreadPoolExecutor.runWorker(ThreadPoolExecutor.java:1149)
	at java.util.concurrent.ThreadPoolExecutor$Worker.run(ThreadPoolExecutor.java:624)
	at java.lang.Thread.run(Thread.java:748)
Caused by: java.lang.NullPointerException
	at assignmenttwo_genealogy.Leaf.&lt;init&gt;(Leaf.java:44)
	at assignmenttwo_genealogy.Graph.BreadthFirstTraversal(Graph.java:114)
	at assignmenttwo_genealogy.TreeController.SetPosition(TreeController.java:70)
	at assignmenttwo_genealogy.TreeController.GetTreeList(TreeController.java:96)
	at assignmenttwo_genealogy.TreeView.SetTreePane(TreeView.java:111)
	at assignmenttwo_genealogy.TreeViewTest.start(TreeViewTest.java:36)
	at org.testfx.framework.junit.ApplicationAdapter.start(ApplicationAdapter.java:41)
	at org.testfx.toolkit.impl.ApplicationServiceImpl.lambda$start$0(ApplicationServiceImpl.java:49)
	at java.util.concurrent.FutureTask.run(FutureTask.java:266)
	at com.sun.javafx.application.PlatformImpl.lambda$null$172(PlatformImpl.java:295)
	at java.security.AccessController.doPrivileged(Native Method)
	at com.sun.javafx.application.PlatformImpl.lambda$runLater$173(PlatformImpl.java:294)
	at com.sun.glass.ui.InvokeLaterDispatcher$Future.run(InvokeLaterDispatcher.java:95)
	at com.sun.glass.ui.win.WinApplication._runLoop(Native Method)
	at com.sun.glass.ui.win.WinApplication.lambda$null$147(WinApplication.java:177)
</error>
  </testcase>
  <system-out><![CDATA[Running Tree Manager constructor...
]]></system-out>
  <system-err><![CDATA[--- Exception in Async Thread ---
java.lang.NullPointerException: null
	assignmenttwo_genealogy.Leaf.<init>(Leaf.java:44)
	assignmenttwo_genealogy.Graph.BreadthFirstTraversal(Graph.java:114)
	assignmenttwo_genealogy.TreeController.SetPosition(TreeController.java:70)
	assignmenttwo_genealogy.TreeController.GetTreeList(TreeController.java:96)
	assignmenttwo_genealogy.TreeView.SetTreePane(TreeView.java:111)
	assignmenttwo_genealogy.TreeViewTest.start(TreeViewTest.java:36)
	org.testfx.framework.junit.ApplicationAdapter.start(ApplicationAdapter.java:41)
	org.testfx.toolkit.impl.ApplicationServiceImpl.lambda$start$0(ApplicationServiceImpl.java:49)
	java.util.concurrent.FutureTask.run(FutureTask.java:266)
	com.sun.javafx.application.PlatformImpl.lambda$null$172(PlatformImpl.java:295)
	java.security.AccessController.doPrivileged(Native Method)
	com.sun.javafx.application.PlatformImpl.lambda$runLater$173(PlatformImpl.java:294)
	com.sun.glass.ui.InvokeLaterDispatcher$Future.run(InvokeLaterDispatcher.java:95)
	com.sun.glass.ui.win.WinApplication._runLoop(Native Method)
	com.sun.glass.ui.win.WinApplication.lambda$null$147(WinApplication.java:177)
	java.lang.Thread.run(Thread.java:748)
--- Trace of caller of unhandled exception in Async Thread ---
	java.lang.Thread.getStackTrace(Thread.java:1559)
	org.testfx.util.WaitForAsyncUtils$ASyncFXCallable.<init>(WaitForAsyncUtils.java:650)
	org.testfx.util.WaitForAsyncUtils.asyncFx(WaitForAsyncUtils.java:258)
	org.testfx.toolkit.impl.ApplicationServiceImpl.start(ApplicationServiceImpl.java:48)
	org.testfx.toolkit.impl.ToolkitServiceImpl.lambda$setupApplication$6(ToolkitServiceImpl.java:127)
	java.util.concurrent.FutureTask.run(FutureTask.java:266)
	java.util.concurrent.Executors$RunnableAdapter.call(Executors.java:511)
	java.util.concurrent.FutureTask.run(FutureTask.java:266)
	java.util.concurrent.ThreadPoolExecutor.runWorker(ThreadPoolExecutor.java:1149)
	java.util.concurrent.ThreadPoolExecutor$Worker.run(ThreadPoolExecutor.java:624)
	java.lang.Thread.run(Thread.java:748)

--- Exception in Async Thread ---
java.util.concurrent.ExecutionException: java.lang.NullPointerException
	java.util.concurrent.FutureTask.report(FutureTask.java:122)
	java.util.concurrent.FutureTask.get(FutureTask.java:192)
	org.testfx.util.WaitForAsyncUtils$ASyncFXCallable.get(WaitForAsyncUtils.java:697)
	org.testfx.toolkit.impl.ToolkitServiceImpl.lambda$setupApplication$6(ToolkitServiceImpl.java:127)
	java.util.concurrent.FutureTask.run(FutureTask.java:266)
	java.util.concurrent.Executors$RunnableAdapter.call(Executors.java:511)
	java.util.concurrent.FutureTask.run(FutureTask.java:266)
	java.util.concurrent.ThreadPoolExecutor.runWorker(ThreadPoolExecutor.java:1149)
	java.util.concurrent.ThreadPoolExecutor$Worker.run(ThreadPoolExecutor.java:624)
	java.lang.Thread.run(Thread.java:748)
java.lang.NullPointerException: null
	assignmenttwo_genealogy.Leaf.<init>(Leaf.java:44)
	assignmenttwo_genealogy.Graph.BreadthFirstTraversal(Graph.java:114)
	assignmenttwo_genealogy.TreeController.SetPosition(TreeController.java:70)
	assignmenttwo_genealogy.TreeController.GetTreeList(TreeController.java:96)
	assignmenttwo_genealogy.TreeView.SetTreePane(TreeView.java:111)
	assignmenttwo_genealogy.TreeViewTest.start(TreeViewTest.java:36)
	org.testfx.framework.junit.ApplicationAdapter.start(ApplicationAdapter.java:41)
	org.testfx.toolkit.impl.ApplicationServiceImpl.lambda$start$0(ApplicationServiceImpl.java:49)
	java.util.concurrent.FutureTask.run(FutureTask.java:266)
	com.sun.javafx.application.PlatformImpl.lambda$null$172(PlatformImpl.java:295)
	java.security.AccessController.doPrivileged(Native Method)
	com.sun.javafx.application.PlatformImpl.lambda$runLater$173(PlatformImpl.java:294)
	com.sun.glass.ui.InvokeLaterDispatcher$Future.run(InvokeLaterDispatcher.java:95)
	com.sun.glass.ui.win.WinApplication._runLoop(Native Method)
	com.sun.glass.ui.win.WinApplication.lambda$null$147(WinApplication.java:177)
	java.lang.Thread.run(Thread.java:748)
--- Trace of caller of unhandled exception in Async Thread ---
	java.lang.Thread.getStackTrace(Thread.java:1559)
	org.testfx.util.WaitForAsyncUtils$ASyncFXCallable.<init>(WaitForAsyncUtils.java:650)
	org.testfx.util.WaitForAsyncUtils.async(WaitForAsyncUtils.java:193)
	org.testfx.toolkit.impl.ToolkitServiceImpl.setupApplication(ToolkitServiceImpl.java:123)
	org.testfx.api.FxToolkit.setupApplication(FxToolkit.java:153)
	org.testfx.framework.junit.ApplicationTest.internalBefore(ApplicationTest.java:86)
	sun.reflect.NativeMethodAccessorImpl.invoke0(Native Method)
	sun.reflect.NativeMethodAccessorImpl.invoke(NativeMethodAccessorImpl.java:62)
	sun.reflect.DelegatingMethodAccessorImpl.invoke(DelegatingMethodAccessorImpl.java:43)
	java.lang.reflect.Method.invoke(Method.java:498)
	org.junit.runners.model.FrameworkMethod$1.runReflectiveCall(FrameworkMethod.java:50)
	org.junit.internal.runners.model.ReflectiveCallable.run(ReflectiveCallable.java:12)
	org.junit.runners.model.FrameworkMethod.invokeExplosively(FrameworkMethod.java:47)
	org.junit.internal.runners.statements.RunBefores.evaluate(RunBefores.java:24)
	org.junit.internal.runners.statements.RunAfters.evaluate(RunAfters.java:27)
	org.junit.runners.ParentRunner.runLeaf(ParentRunner.java:325)
	org.junit.runners.BlockJUnit4ClassRunner.runChild(BlockJUnit4ClassRunner.java:78)
	org.junit.runners.BlockJUnit4ClassRunner.runChild(BlockJUnit4ClassRunner.java:57)
	org.junit.runners.ParentRunner$3.run(ParentRunner.java:290)
	org.junit.runners.ParentRunner$1.schedule(ParentRunner.java:71)
	org.junit.runners.ParentRunner.runChildren(ParentRunner.java:288)
	org.junit.runners.ParentRunner.access$000(ParentRunner.java:58)
	org.junit.runners.ParentRunner$2.evaluate(ParentRunner.java:268)
	org.junit.runners.ParentRunner.run(ParentRunner.java:363)
	junit.framework.JUnit4TestAdapter.run(JUnit4TestAdapter.java:38)
	org.apache.tools.ant.taskdefs.optional.junit.JUnitTestRunner.run(JUnitTestRunner.java:534)
	org.apache.tools.ant.taskdefs.optional.junit.JUnitTestRunner.launch(JUnitTestRunner.java:1196)
	org.apache.tools.ant.taskdefs.optional.junit.JUnitTestRunner.main(JUnitTestRunner.java:1041)

]]></system-err>
</testsuite>
